 [0;36m[2024-01-26 09:31:39.723439]:[0;32mConexion realizada con exito
 [0;36m[2024-01-26 09:31:39.742919]:[0;32mcliente regitrado con exito 
 [0;36m[2024-01-26 09:31:39.743550]:[0;32mDesconexión exitosa de la base de datos
 [0;36m[2024-01-26 09:35:00.962892]:[0;32mConexion realizada con exito
 [0;36m[2024-01-26 09:35:00.967571]:[0;32mcliente regitrado con exito 
 [0;36m[2024-01-26 09:35:00.968118]:[0;32mDesconexión exitosa de la base de datos
 [0;36m[2024-01-26 09:40:56.129516]:[0;32mConexion realizada con exito
 [0;36m[2024-01-26 09:40:56.136940]:[0;32mBanco REgistrado con exito
 [0;36m[2024-01-26 09:40:56.137571]:[0;32mDesconexión exitosa de la base de datos
 [0;36m[2024-01-26 09:42:40.232202]:[0;32mConexion realizada con exito
 [0;36m[2024-01-26 09:42:40.233241]:[0;32mBanco REgistrado con exito
 [0;36m[2024-01-26 09:42:40.233488]:[0;32mDesconexión exitosa de la base de datos
 [0;36m[2024-01-26 09:43:24.658543]:[0;32mConexion realizada con exito
 [0;36m[2024-01-26 09:43:24.662070]:[0;32mBanco REgistrado con exito
 [0;36m[2024-01-26 09:43:24.662527]:[0;32mDesconexión exitosa de la base de datos
 [0;36m[2024-01-26 09:44:10.932481]:[0;32mConexion realizada con exito
 [0;36m[2024-01-26 09:44:10.933497]:[0;32mBanco REgistrado con exito
 [0;36m[2024-01-26 09:44:10.933774]:[0;32mDesconexión exitosa de la base de datos
 [0;36m[2024-01-26 09:44:45.622916]:[0;32mConexion realizada con exito
 [0;36m[2024-01-26 09:44:45.623936]:[0;32mBanco REgistrado con exito
 [0;36m[2024-01-26 09:44:45.624210]:[0;32mDesconexión exitosa de la base de datos
 [0;36m[2024-01-26 09:44:58.859912]:[0;32mConexion realizada con exito
 [0;36m[2024-01-26 09:44:58.861375]:[0;32mBanco REgistrado con exito
 [0;36m[2024-01-26 09:44:58.862183]:[0;32mDesconexión exitosa de la base de datos
 [0;36m[2024-01-26 09:45:13.665795]:[0;32mConexion realizada con exito
 [0;36m[2024-01-26 09:45:13.666808]:[0;32mBanco REgistrado con exito
 [0;36m[2024-01-26 09:45:13.667049]:[0;32mDesconexión exitosa de la base de datos
 [0;36m[2024-01-26 09:45:34.725451]:[0;32mConexion realizada con exito
 [0;36m[2024-01-26 09:45:34.726745]:[0;32mBanco REgistrado con exito
 [0;36m[2024-01-26 09:45:34.726993]:[0;32mDesconexión exitosa de la base de datos
 [0;36m[2024-01-26 09:47:37.881578]:[0;32mConexion realizada con exito
 [0;36m[2024-01-26 09:47:37.884102]:[0;33m no se encontro ningun Banco registrado
 [0;36m[2024-01-26 09:47:37.884281]:[0;32mBanco REgistrado con exito
 [0;36m[2024-01-26 09:47:37.884732]:[0;32mDesconexión exitosa de la base de datos
 [0;36m[2024-01-26 09:49:50.577536]:[0;32mConexion realizada con exito
 [0;36m[2024-01-26 09:49:50.595630]:[0;32mBanco REgistrado con exito
 [0;36m[2024-01-26 09:49:50.596009]:[0;32mDesconexión exitosa de la base de datos
 [0;36m[2024-01-26 09:49:58.561344]:[0;32mConexion realizada con exito
 [0;36m[2024-01-26 09:49:58.563705]:[0;32mDesconexión exitosa de la base de datos
 [0;36m[2024-01-26 09:50:42.981206]:[0;32mConexion realizada con exito
 [0;36m[2024-01-26 09:50:42.983624]:[0;32mDesconexión exitosa de la base de datos
 [0;36m[2024-01-26 09:51:52.618867]:[0;32mConexion realizada con exito
 [0;36m[2024-01-26 09:51:52.620742]:[0;32mDesconexión exitosa de la base de datos
 [0;36m[2024-01-26 09:53:17.699291]:[0;32mConexion realizada con exito
 [0;36m[2024-01-26 09:53:17.700589]:[0;32mBanco REgistrado con exito
 [0;36m[2024-01-26 09:53:17.700917]:[0;32mDesconexión exitosa de la base de datos
 [0;36m[2024-01-26 11:36:03.658191]:[0;32mConexion realizada con exito
 [0;36m[2024-01-26 11:36:03.659839]:[0;32mDesconexión exitosa de la base de datos
 [0;36m[2024-01-26 11:37:08.893127]:[0;32mConexion realizada con exito
 [0;36m[2024-01-26 11:37:08.894498]:[0;32mConceptos leidos con exito
 [0;36m[2024-01-26 11:37:08.894814]:[0;32mDesconexión exitosa de la base de datos
 [0;36m[2024-01-26 11:37:45.458342]:[0;32mConexion realizada con exito
 [0;36m[2024-01-26 11:37:45.459143]:[0;31m Error de base de datos  detail[error de sintaxis en o cerca de «;»
LINE 1: ...ELECT max(id) + 1 as nuevoID FROM conceptos_pagos ;),'pago n...
                                                             ^
]
 [0;36m[2024-01-26 11:37:45.459258]:[0;32merror de base de datos
 [0;36m[2024-01-26 11:37:45.459444]:[0;32mDesconexión exitosa de la base de datos
 [0;36m[2024-01-26 11:38:28.927884]:[0;32mConexion realizada con exito
 [0;36m[2024-01-26 11:38:28.929323]:[0;31m Error de base de datos  detail[error de sintaxis en o cerca de «a»
LINE 1: ...oID FROM conceptos_pagos),'pago nomina',Descuento a la nonim...
                                                             ^
]
 [0;36m[2024-01-26 11:38:28.929443]:[0;32merror de base de datos
 [0;36m[2024-01-26 11:38:28.929697]:[0;32mDesconexión exitosa de la base de datos
 [0;36m[2024-01-26 11:38:52.902897]:[0;32mConexion realizada con exito
 [0;36m[2024-01-26 11:38:52.906766]:[0;32mexito al registrar concepto de pago
 [0;36m[2024-01-26 11:38:52.907048]:[0;32mDesconexión exitosa de la base de datos
 [0;36m[2024-01-26 11:39:51.487938]:[0;32mConexion realizada con exito
 [0;36m[2024-01-26 11:39:51.489140]:[0;32mConceptos leidos con exito
 [0;36m[2024-01-26 11:39:51.489451]:[0;32mDesconexión exitosa de la base de datos
 [0;36m[2024-01-26 14:12:13.734254]:[0;32m[0;33mno tiene conexion aperturada en estos monetos 
 [0;36m[2024-01-26 14:12:36.873366]:[0;32mConexion realizada con exito
 [0;36m[2024-01-26 14:12:36.884665]:[0;32mDesconexión exitosa de la base de datos
 [0;36m[2024-01-26 14:12:53.955840]:[0;32mConexion realizada con exito
 [0;36m[2024-01-26 14:12:53.957356]:[0;31m Error de integridad en la base de datos  as [llave duplicada viola restricción de unicidad «usuarios_un»
DETAIL:  Ya existe la llave (cedula)=(22).
]
 [0;36m[2024-01-26 14:12:53.957464]:[0;32mPuedes que estes registrando un usuario cuyos datos ya existen en nuestra base de datos verifica y si el problema persite comuniquese con el equipo de soporte
 [0;36m[2024-01-26 14:12:53.957712]:[0;32mDesconexión exitosa de la base de datos
 [0;36m[2024-01-26 14:33:09.751078]:[0;32mConexion realizada con exito
 [0;36m[2024-01-26 14:33:09.760771]:[0;32mDesconexión exitosa de la base de datos
 [0;36m[2024-01-26 14:36:32.845810]:[0;32mConexion realizada con exito
 [0;36m[2024-01-26 14:36:32.849888]:[0;32mUsuarios leidos con exito detail [[UserEntity(id='1706292756.6803381', nombre='JARVIS', cedula='22', correo='dd', tipoUsuario=0, token='$argon2id$v=19$m=65536,t=3,p=4$WDV6zDl9KD8TkzmAbkKJhw$ZrWdv4VeA5VOfc+biWgoI8ha4TDocUVPj7eAJxQNbiI', status='desconectado', password='🖕🖕', urlImg='http:www')]]
 [0;36m[2024-01-26 14:36:32.850356]:[0;32mDesconexión exitosa de la base de datos
 [0;36m[2024-01-26 14:46:16.841010]:[0;32mConexion realizada con exito
 [0;36m[2024-01-26 14:46:16.946687]:[0;31m Error de base de datos  detail[una cadena separada por $ está inconclusa en o cerca de «$argon2id$v=19$m=65536,t=3,p=4$WDV6zDl9KD8TkzmAbkKJhw$ZrWdv4VeA5VOfc+biWgoI8ha4TDocUVPj7eAJxQNbiI;»
LINE 1:  select * from usuarios where token = $argon2id$v=19$m=65536...
                                              ^
]
 [0;36m[2024-01-26 14:46:16.947434]:[0;32merror de base de datos
 [0;36m[2024-01-26 14:46:16.949041]:[0;32mDesconexión exitosa de la base de datos
 [0;36m[2024-01-26 14:46:51.150181]:[0;32mConexion realizada con exito
 [0;36m[2024-01-26 14:46:51.157929]:[0;32mUsuarios leidos con exito detail [[UserEntity(id='1706292756.6803381', nombre='JARVIS', cedula='22', correo='dd', tipoUsuario=0, token='$argon2id$v=19$m=65536,t=3,p=4$WDV6zDl9KD8TkzmAbkKJhw$ZrWdv4VeA5VOfc+biWgoI8ha4TDocUVPj7eAJxQNbiI', status='desconectado', password='🖕🖕', urlImg='http:www')]]
 [0;36m[2024-01-26 14:46:51.158614]:[0;32mDesconexión exitosa de la base de datos
 [0;36m[2024-01-26 14:49:16.682786]:[0;32mConexion realizada con exito
 [0;36m[2024-01-26 14:49:16.685643]:[0;32mUsuarios leidos con exito detail [[UserEntity(id='1706292756.6803381', nombre='JARVIS', cedula='22', correo='dd', tipoUsuario=0, token='$argon2id$v=19$m=65536,t=3,p=4$WDV6zDl9KD8TkzmAbkKJhw$ZrWdv4VeA5VOfc+biWgoI8ha4TDocUVPj7eAJxQNbiI', status='desconectado', password='🖕🖕', urlImg='http:www')]]
 [0;36m[2024-01-26 14:49:16.686471]:[0;32mDesconexión exitosa de la base de datos
 [0;36m[2024-01-26 14:50:30.235166]:[0;32mConexion realizada con exito
 [0;36m[2024-01-26 14:50:30.237280]:[0;32mUsuarios leidos con exito detail [[UserEntity(id='1706292756.6803381', nombre='JARVIS', cedula='22', correo='dd', tipoUsuario=0, token='$argon2id$v=19$m=65536,t=3,p=4$WDV6zDl9KD8TkzmAbkKJhw$ZrWdv4VeA5VOfc+biWgoI8ha4TDocUVPj7eAJxQNbiI', status='desconectado', password='🖕🖕', urlImg='http:www')]]
 [0;36m[2024-01-26 14:50:30.237597]:[0;32mDesconexión exitosa de la base de datos
 [0;36m[2024-01-26 14:50:38.496390]:[0;32mConexion realizada con exito
 [0;36m[2024-01-26 14:50:38.497876]:[0;32mUsuarios leidos con exito detail [[UserEntity(id='1706292756.6803381', nombre='JARVIS', cedula='22', correo='dd', tipoUsuario=0, token='$argon2id$v=19$m=65536,t=3,p=4$WDV6zDl9KD8TkzmAbkKJhw$ZrWdv4VeA5VOfc+biWgoI8ha4TDocUVPj7eAJxQNbiI', status='desconectado', password='🖕🖕', urlImg='http:www')]]
 [0;36m[2024-01-26 14:50:38.498120]:[0;32mDesconexión exitosa de la base de datos
 [0;36m[2024-01-26 18:34:06.049312]:[0;32m[0;33mno tiene conexion aperturada en estos monetos 
 [0;36m[2024-01-26 18:34:37.424064]:[0;32m[0;33mno tiene conexion aperturada en estos monetos 
 [0;36m[2024-01-26 18:34:59.943974]:[0;32m[0;33mno tiene conexion aperturada en estos monetos 
 [0;36m[2024-01-26 18:35:10.657771]:[0;32mConexion realizada con exito
 [0;36m[2024-01-26 18:35:10.667476]:[0;31m Error de base de datos  detail[no existe la columna «ci»
LINE 1: select * from usuarios where ci = '22' 
                                     ^
]
 [0;36m[2024-01-26 18:35:10.667640]:[0;32merror de base de datos
 [0;36m[2024-01-26 18:35:10.673058]:[0;32mDesconexión exitosa de la base de datos
 [0;36m[2024-01-26 18:35:10.673190]:[0;31m Error al autenticar el usuario
 [0;36m[2024-01-26 18:35:10.673312]:[0;32merror de base de datos
 [0;36m[2024-01-26 18:35:10.673394]:[0;32m[0;33mno tiene conexion aperturada en estos monetos 
 [0;36m[2024-01-26 18:35:50.477900]:[0;32mConexion realizada con exito
 [0;36m[2024-01-26 18:35:50.590427]:[0;32mUsuario encontrado
 [0;36m[2024-01-26 18:35:50.591428]:[0;32mDesconexión exitosa de la base de datos
 [0;36m[2024-01-26 18:35:50.633725]:[0;32mConexion realizada con exito
 [0;36m[2024-01-26 18:35:50.634725]:[0;32mDesconexión exitosa de la base de datos
 [0;36m[2024-01-26 18:36:36.666011]:[0;32mConexion realizada con exito
 [0;36m[2024-01-26 18:36:36.672903]:[0;32mUsuario encontrado
 [0;36m[2024-01-26 18:36:36.673420]:[0;32mDesconexión exitosa de la base de datos
 [0;36m[2024-01-26 18:36:36.686854]:[0;32mConexion realizada con exito
 [0;36m[2024-01-26 18:36:36.687145]:[0;32mDesconexión exitosa de la base de datos
 [0;36m[2024-01-26 18:36:59.381618]:[0;32mConexion realizada con exito
 [0;36m[2024-01-26 18:36:59.383309]:[0;32mUsuario encontrado
 [0;36m[2024-01-26 18:36:59.383540]:[0;32mDesconexión exitosa de la base de datos
 [0;36m[2024-01-26 18:36:59.392726]:[0;32mConexion realizada con exito
 [0;36m[2024-01-26 18:36:59.392811]:[0;31m fallo de login de parte del usuario [JARVIS] detail [Password Erroneo]
 [0;36m[2024-01-26 18:36:59.392870]:[0;32mha ingresado un password invalido 
 [0;36m[2024-01-26 18:36:59.393072]:[0;32mDesconexión exitosa de la base de datos
 [0;36m[2024-01-26 18:37:38.187052]:[0;32mConexion realizada con exito
 [0;36m[2024-01-26 18:37:38.189155]:[0;31m Error de base de datos  detail[no existe la columna «password,url_imagen» en la relación «usuarios»
LINE 2:                 "password,url_imagen") VALUES('1706308658.00...
                        ^
]
 [0;36m[2024-01-26 18:37:38.189361]:[0;32merror de base de datos
 [0;36m[2024-01-26 18:37:38.189599]:[0;32mDesconexión exitosa de la base de datos
 [0;36m[2024-01-26 18:38:38.399402]:[0;32mConexion realizada con exito
 [0;36m[2024-01-26 18:38:38.401987]:[0;31m Error de base de datos  detail[un identificador entre comillas está inconcluso en o cerca de «") VALUES('1706308718.2377875', 'JARVIS HUICE', '27475074', 'string', 0, '$argon2id$v=19$m=65536,t=3,p=4$5jR4Oph//44S80OFx7d7EQ$057oukLOvpmmmKHvEpaU7V2t8Vq36h5M7N5bC6WO/lc', 'desconectado'::character varying, '$argon2id$v=19$m=65536,t=3,p=4$LX/hO9mOd5QBYjaJlcB9pw$e0H6bkfYgr5eNtswgKe3ZxS8qN4r7bOQKsAmKfRDltQ','string');»
LINE 2:                 "password",url_imagen") VALUES('1706308718.2...
                                             ^
]
 [0;36m[2024-01-26 18:38:38.402099]:[0;32merror de base de datos
 [0;36m[2024-01-26 18:38:38.402290]:[0;32mDesconexión exitosa de la base de datos
 [0;36m[2024-01-26 18:39:15.673445]:[0;32mConexion realizada con exito
 [0;36m[2024-01-26 18:39:15.689387]:[0;32mUsuario registrado con exito detail [id=1706308755.4892793 nombre='JARVIS HUICE' cedula='27475074' correo='string' tipoUsuario=0 token='$argon2id$v=19$m=65536,t=3,p=4$RfHDIHzlGJf/W2czqrXTcw$9TtcpaabQStF7hiPamgrSp99dcVip7ijWG4HxDH4ab0' status='string' password='🖕🖕' urlImg='string']
 [0;36m[2024-01-26 18:39:15.689806]:[0;32mDesconexión exitosa de la base de datos
 [0;36m[2024-01-26 18:39:46.840830]:[0;32mConexion realizada con exito
 [0;36m[2024-01-26 18:39:46.844338]:[0;32mUsuario encontrado
 [0;36m[2024-01-26 18:39:46.845780]:[0;32mDesconexión exitosa de la base de datos
 [0;36m[2024-01-26 18:39:46.854178]:[0;32mConexion realizada con exito
 [0;36m[2024-01-26 18:39:46.854262]:[0;31m fallo de login de parte del usuario [JARVIS HUICE] detail [Password Erroneo]
 [0;36m[2024-01-26 18:39:46.854330]:[0;32mha ingresado un password invalido 
 [0;36m[2024-01-26 18:39:46.854514]:[0;32mDesconexión exitosa de la base de datos
 [0;36m[2024-01-26 18:41:01.336663]:[0;32mConexion realizada con exito
 [0;36m[2024-01-26 18:41:01.339421]:[0;32mUsuario encontrado
 [0;36m[2024-01-26 18:41:01.340876]:[0;32mDesconexión exitosa de la base de datos
 [0;36m[2024-01-26 18:41:01.352389]:[0;32mConexion realizada con exito
 [0;36m[2024-01-26 18:41:01.352503]:[0;31m fallo de login de parte del usuario [JARVIS HUICE] detail [Password Erroneo]
 [0;36m[2024-01-26 18:41:01.352567]:[0;32mha ingresado un password invalido 
 [0;36m[2024-01-26 18:41:01.352761]:[0;32mDesconexión exitosa de la base de datos
 [0;36m[2024-01-26 18:41:29.613139]:[0;32mConexion realizada con exito
 [0;36m[2024-01-26 18:41:29.615395]:[0;32mUsuario encontrado
 [0;36m[2024-01-26 18:41:29.616003]:[0;32mDesconexión exitosa de la base de datos
 [0;36m[2024-01-26 18:41:29.629382]:[0;32mConexion realizada con exito
 [0;36m[2024-01-26 18:41:29.629710]:[0;32mDesconexión exitosa de la base de datos
 [0;36m[2024-01-26 18:42:13.415406]:[0;32mConexion realizada con exito
 [0;36m[2024-01-26 18:42:13.417718]:[0;32mUsuario encontrado
 [0;36m[2024-01-26 18:42:13.417932]:[0;32mDesconexión exitosa de la base de datos
 [0;36m[2024-01-26 18:42:13.429057]:[0;32mConexion realizada con exito
 [0;36m[2024-01-26 18:42:13.429186]:[0;31m fallo de login de parte del usuario [JARVIS HUICE] detail [Password Erroneo]
 [0;36m[2024-01-26 18:42:13.429255]:[0;32mha ingresado un password invalido 
 [0;36m[2024-01-26 18:42:13.429465]:[0;32mDesconexión exitosa de la base de datos
 [0;36m[2024-01-26 18:55:29.141762]:[0;32mConexion realizada con exito
 [0;36m[2024-01-26 18:55:29.145084]:[0;32mUsuario encontrado
 [0;36m[2024-01-26 18:55:29.148929]:[0;32mDesconexión exitosa de la base de datos
 [0;36m[2024-01-26 18:55:29.162387]:[0;32mConexion realizada con exito
 [0;36m[2024-01-26 18:55:29.162614]:[0;31m fallo de login de parte del usuario [JARVIS HUICE] detail [Password Erroneo]
 [0;36m[2024-01-26 18:55:29.162749]:[0;32mha ingresado un password invalido 
 [0;36m[2024-01-26 18:55:29.167984]:[0;32mDesconexión exitosa de la base de datos
 [0;36m[2024-01-26 18:56:28.115325]:[0;32m[0;33mno tiene conexion aperturada en estos monetos 
 [0;36m[2024-01-26 18:57:39.359579]:[0;32mConexion realizada con exito
 [0;36m[2024-01-26 18:57:39.361307]:[0;32mUsuario encontrado
 [0;36m[2024-01-26 18:57:39.361574]:[0;32mDesconexión exitosa de la base de datos
 [0;36m[2024-01-26 18:57:39.555101]:[0;32mConexion realizada con exito
 [0;36m[2024-01-26 18:57:39.555247]:[0;31m fallo de login de parte del usuario [JARVIS HUICE] detail [Password Erroneo]
 [0;36m[2024-01-26 18:57:39.555341]:[0;32mha ingresado un password invalido 
 [0;36m[2024-01-26 18:57:39.555606]:[0;32mDesconexión exitosa de la base de datos
 [0;36m[2024-01-26 18:58:49.769528]:[0;32mConexion realizada con exito
 [0;36m[2024-01-26 18:58:49.771535]:[0;32mUsuario encontrado
 [0;36m[2024-01-26 18:58:49.771813]:[0;32mDesconexión exitosa de la base de datos
 [0;36m[2024-01-26 18:58:49.785001]:[0;32mConexion realizada con exito
 [0;36m[2024-01-26 18:58:49.785153]:[0;31m fallo de login de parte del usuario [JARVIS HUICE] detail [Password Erroneo]
 [0;36m[2024-01-26 18:58:49.785256]:[0;32mha ingresado un password invalido 
 [0;36m[2024-01-26 18:58:49.785559]:[0;32mDesconexión exitosa de la base de datos
 [0;36m[2024-01-26 19:00:44.644577]:[0;32mConexion realizada con exito
 [0;36m[2024-01-26 19:00:44.649614]:[0;32mUsuario encontrado
 [0;36m[2024-01-26 19:00:44.649892]:[0;32mDesconexión exitosa de la base de datos
 [0;36m[2024-01-26 19:00:44.661670]:[0;32mConexion realizada con exito
 [0;36m[2024-01-26 19:00:44.821791]:[0;31m fallo de login de parte del usuario [JARVIS HUICE] detail [Password Erroneo]
 [0;36m[2024-01-26 19:00:44.822002]:[0;32mha ingresado un password invalido 
 [0;36m[2024-01-26 19:00:44.823008]:[0;32mDesconexión exitosa de la base de datos
 [0;36m[2024-01-26 19:03:34.673437]:[0;32mConexion realizada con exito
 [0;36m[2024-01-26 19:03:34.683121]:[0;32mUsuario registrado con exito detail [id=1706310214.4919596 nombre='JARVIS HUICE1' cedula='27475075' correo='string' tipoUsuario=0 token='$argon2id$v=19$m=65536,t=3,p=4$fGNflqa02qoKmjBLJKZZlg$3mr6zqUmpnB/6RJiRazwfquQwyiHXb1Kbc7SOL8VGyQ' status='string' password='🖕🖕' urlImg='string']
 [0;36m[2024-01-26 19:03:34.690074]:[0;32mDesconexión exitosa de la base de datos
 [0;36m[2024-01-26 19:04:29.736900]:[0;32mConexion realizada con exito
 [0;36m[2024-01-26 19:04:29.740849]:[0;32mUsuario encontrado
 [0;36m[2024-01-26 19:04:29.748347]:[0;32mDesconexión exitosa de la base de datos
 [0;36m[2024-01-26 19:04:29.765914]:[0;32mConexion realizada con exito
 [0;36m[2024-01-26 19:04:29.985494]:[0;31m fallo de login de parte del usuario [JARVIS HUICE1] detail [Password Erroneo]
 [0;36m[2024-01-26 19:04:29.985887]:[0;32mha ingresado un password invalido 
 [0;36m[2024-01-26 19:04:29.986258]:[0;32mDesconexión exitosa de la base de datos
