 [0;36m[2024-01-29 09:02:57.502177]:[0;32m[0;33mno tiene conexion aperturada en estos monetos 
 [0;36m[2024-01-29 09:04:24.507787]:[0;32m[0;33mno tiene conexion aperturada en estos monetos 
 [0;36m[2024-01-29 09:06:02.707137]:[0;32m[0;33mno tiene conexion aperturada en estos monetos 
 [0;36m[2024-01-29 09:07:34.159121]:[0;32m[0;33mno tiene conexion aperturada en estos monetos 
 [0;36m[2024-01-29 09:09:00.688509]:[0;32m[0;33mno tiene conexion aperturada en estos monetos 
 [0;36m[2024-01-29 09:09:48.950495]:[0;32m[0;33mno tiene conexion aperturada en estos monetos 
 [0;36m[2024-01-29 09:10:19.429314]:[0;32mConexion realizada con exito
 [0;36m[2024-01-29 09:10:19.439613]:[0;32mUsuario registrado con exito detail [id=1706533819.4139545 nombre='STRING' cedula='pr' correo='string' tipoUsuario=0 token='eyJhbGciOiJIUzI1NiIsInR5cCI6IkpXVCJ9.eyJjbGF2ZSI6ImV5SmhiR2NpT2lKSVV6STFOaUlzSW5SNWNDSTZJa3BYVkNKOS5leUpqYkdGMlpTSTZJbXdpZlEubVNoYlcwSVQ5UXpRZnRWQ3VxbzZkV2FxSWszZHY0Wm1KX2FvSENGcmFoWSJ9.hy3PJQ4ZFO4maXysSzh4ktzeexKu0Qw8KWVo4XFw53A' status='string' password='🖕🖕' urlImg='string']
 [0;36m[2024-01-29 09:10:19.439926]:[0;32mDesconexión exitosa de la base de datos
 [0;36m[2024-01-29 09:13:16.007628]:[0;32mConexion realizada con exito
 [0;36m[2024-01-29 09:13:16.010081]:[0;32mUsuarios leidos con exito detail [[UserEntity(id='1706292756.6803381', nombre='JARVIS', cedula='22', correo='dd', tipoUsuario=0, token='$argon2id$v=19$m=65536,t=3,p=4$WDV6zDl9KD8TkzmAbkKJhw$ZrWdv4VeA5VOfc+biWgoI8ha4TDocUVPj7eAJxQNbiI', status='desconectado', password='🖕🖕', urlImg='http:www'), UserEntity(id='1706308755.4892793', nombre='JARVIS HUICE', cedula='27475074', correo='string', tipoUsuario=0, token='$argon2id$v=19$m=65536,t=3,p=4$RfHDIHzlGJf/W2czqrXTcw$9TtcpaabQStF7hiPamgrSp99dcVip7ijWG4HxDH4ab0', status='desconectado', password='🖕🖕', urlImg='string'), UserEntity(id='1706310214.4919596', nombre='JARVIS HUICE1', cedula='27475075', correo='string', tipoUsuario=0, token='$argon2id$v=19$m=65536,t=3,p=4$fGNflqa02qoKmjBLJKZZlg$3mr6zqUmpnB/6RJiRazwfquQwyiHXb1Kbc7SOL8VGyQ', status='desconectado', password='🖕🖕', urlImg='string'), UserEntity(id='1706533819.4139545', nombre='STRING', cedula='pr', correo='string', tipoUsuario=0, token='eyJhbGciOiJIUzI1NiIsInR5cCI6IkpXVCJ9.eyJjbGF2ZSI6ImV5SmhiR2NpT2lKSVV6STFOaUlzSW5SNWNDSTZJa3BYVkNKOS5leUpqYkdGMlpTSTZJbXdpZlEubVNoYlcwSVQ5UXpRZnRWQ3VxbzZkV2FxSWszZHY0Wm1KX2FvSENGcmFoWSJ9.hy3PJQ4ZFO4maXysSzh4ktzeexKu0Qw8KWVo4XFw53A', status='desconectado', password='🖕🖕', urlImg='string')]]
 [0;36m[2024-01-29 09:13:16.012827]:[0;32mDesconexión exitosa de la base de datos
 [0;36m[2024-01-29 09:21:17.000130]:[0;32mConexion realizada con exito
 [0;36m[2024-01-29 09:21:17.003824]:[0;32mUsuarios leidos con exito detail [[UserEntity(id='1706533819.4139545', nombre='STRING', cedula='pr', correo='string', tipoUsuario=0, token='eyJhbGciOiJIUzI1NiIsInR5cCI6IkpXVCJ9.eyJjbGF2ZSI6ImV5SmhiR2NpT2lKSVV6STFOaUlzSW5SNWNDSTZJa3BYVkNKOS5leUpqYkdGMlpTSTZJbXdpZlEubVNoYlcwSVQ5UXpRZnRWQ3VxbzZkV2FxSWszZHY0Wm1KX2FvSENGcmFoWSJ9.hy3PJQ4ZFO4maXysSzh4ktzeexKu0Qw8KWVo4XFw53A', status='desconectado', password='eyJhbGciOiJIUzI1NiIsInR5cCI6IkpXVCJ9.eyJjbGF2ZSI6ImwifQ.mShbW0IT9QzQftVCuqo6dWaqIk3dv4ZmJ_aoHCFrahY', urlImg='string')]]
 [0;36m[2024-01-29 09:21:17.004057]:[0;32mDesconexión exitosa de la base de datos
 [0;36m[2024-01-29 09:21:58.427438]:[0;32mConexion realizada con exito
 [0;36m[2024-01-29 09:21:58.429821]:[0;32mUsuarios leidos con exito detail [[UserEntity(id='1706533819.4139545', nombre='STRING', cedula='pr', correo='string', tipoUsuario=0, token='eyJhbGciOiJIUzI1NiIsInR5cCI6IkpXVCJ9.eyJjbGF2ZSI6ImV5SmhiR2NpT2lKSVV6STFOaUlzSW5SNWNDSTZJa3BYVkNKOS5leUpqYkdGMlpTSTZJbXdpZlEubVNoYlcwSVQ5UXpRZnRWQ3VxbzZkV2FxSWszZHY0Wm1KX2FvSENGcmFoWSJ9.hy3PJQ4ZFO4maXysSzh4ktzeexKu0Qw8KWVo4XFw53A', status='desconectado', password='eyJhbGciOiJIUzI1NiIsInR5cCI6IkpXVCJ9.eyJjbGF2ZSI6ImwifQ.mShbW0IT9QzQftVCuqo6dWaqIk3dv4ZmJ_aoHCFrahY', urlImg='string')]]
 [0;36m[2024-01-29 09:21:58.430198]:[0;32mDesconexión exitosa de la base de datos
 [0;36m[2024-01-29 09:22:47.274749]:[0;32mConexion realizada con exito
 [0;36m[2024-01-29 09:22:47.277369]:[0;32mUsuarios leidos con exito detail [[UserEntity(id='1706533819.4139545', nombre='STRING', cedula='pr', correo='string', tipoUsuario=0, token='eyJhbGciOiJIUzI1NiIsInR5cCI6IkpXVCJ9.eyJjbGF2ZSI6ImV5SmhiR2NpT2lKSVV6STFOaUlzSW5SNWNDSTZJa3BYVkNKOS5leUpqYkdGMlpTSTZJbXdpZlEubVNoYlcwSVQ5UXpRZnRWQ3VxbzZkV2FxSWszZHY0Wm1KX2FvSENGcmFoWSJ9.hy3PJQ4ZFO4maXysSzh4ktzeexKu0Qw8KWVo4XFw53A', status='desconectado', password='eyJhbGciOiJIUzI1NiIsInR5cCI6IkpXVCJ9.eyJjbGF2ZSI6ImwifQ.mShbW0IT9QzQftVCuqo6dWaqIk3dv4ZmJ_aoHCFrahY', urlImg='string')]]
 [0;36m[2024-01-29 09:22:47.277628]:[0;32mDesconexión exitosa de la base de datos
 [0;36m[2024-01-29 09:24:58.532814]:[0;32mConexion realizada con exito
 [0;36m[2024-01-29 09:24:58.535606]:[0;32mUsuarios leidos con exito detail [[UserEntity(id='1706533819.4139545', nombre='STRING', cedula='pr', correo='string', tipoUsuario=0, token='eyJhbGciOiJIUzI1NiIsInR5cCI6IkpXVCJ9.eyJjbGF2ZSI6ImV5SmhiR2NpT2lKSVV6STFOaUlzSW5SNWNDSTZJa3BYVkNKOS5leUpqYkdGMlpTSTZJbXdpZlEubVNoYlcwSVQ5UXpRZnRWQ3VxbzZkV2FxSWszZHY0Wm1KX2FvSENGcmFoWSJ9.hy3PJQ4ZFO4maXysSzh4ktzeexKu0Qw8KWVo4XFw53A', status='desconectado', password='eyJhbGciOiJIUzI1NiIsInR5cCI6IkpXVCJ9.eyJjbGF2ZSI6ImwifQ.mShbW0IT9QzQftVCuqo6dWaqIk3dv4ZmJ_aoHCFrahY', urlImg='string')]]
 [0;36m[2024-01-29 09:24:58.537242]:[0;32mDesconexión exitosa de la base de datos
 [0;36m[2024-01-29 09:24:58.537686]:[0;33m eyJhbGciOiJIUzI1NiIsInR5cCI6IkpXVCJ9.eyJjbGF2ZSI6ImV5SmhiR2NpT2lKSVV6STFOaUlzSW5SNWNDSTZJa3BYVkNKOS5leUpqYkdGMlpTSTZJbXdpZlEubVNoYlcwSVQ5UXpRZnRWQ3VxbzZkV2FxSWszZHY0Wm1KX2FvSENGcmFoWSJ9.hy3PJQ4ZFO4maXysSzh4ktzeexKu0Qw8KWVo4XFw53A
 [0;36m[2024-01-29 09:24:58.537846]:[0;33m pr
 [0;36m[2024-01-29 09:26:30.457481]:[0;32mConexion realizada con exito
 [0;36m[2024-01-29 09:26:30.459693]:[0;32mUsuarios leidos con exito detail [[UserEntity(id='1706533819.4139545', nombre='STRING', cedula='pr', correo='string', tipoUsuario=0, token='eyJhbGciOiJIUzI1NiIsInR5cCI6IkpXVCJ9.eyJjbGF2ZSI6ImV5SmhiR2NpT2lKSVV6STFOaUlzSW5SNWNDSTZJa3BYVkNKOS5leUpqYkdGMlpTSTZJbXdpZlEubVNoYlcwSVQ5UXpRZnRWQ3VxbzZkV2FxSWszZHY0Wm1KX2FvSENGcmFoWSJ9.hy3PJQ4ZFO4maXysSzh4ktzeexKu0Qw8KWVo4XFw53A', status='desconectado', password='eyJhbGciOiJIUzI1NiIsInR5cCI6IkpXVCJ9.eyJjbGF2ZSI6ImwifQ.mShbW0IT9QzQftVCuqo6dWaqIk3dv4ZmJ_aoHCFrahY', urlImg='string')]]
 [0;36m[2024-01-29 09:26:30.463089]:[0;32mDesconexión exitosa de la base de datos
 [0;36m[2024-01-29 09:26:30.463558]:[0;33m eyJhbGciOiJIUzI1NiIsInR5cCI6IkpXVCJ9.eyJjbGF2ZSI6ImV5SmhiR2NpT2lKSVV6STFOaUlzSW5SNWNDSTZJa3BYVkNKOS5leUpqYkdGMlpTSTZJbXdpZlEubVNoYlcwSVQ5UXpRZnRWQ3VxbzZkV2FxSWszZHY0Wm1KX2FvSENGcmFoWSJ9.hy3PJQ4ZFO4maXysSzh4ktzeexKu0Qw8KWVo4XFw53A
 [0;36m[2024-01-29 09:26:30.463726]:[0;33m eyJhbGciOiJIUzI1NiIsInR5cCI6IkpXVCJ9.eyJjbGF2ZSI6ImwifQ.mShbW0IT9QzQftVCuqo6dWaqIk3dv4ZmJ_aoHCFrahY
 [0;36m[2024-01-29 09:27:00.921873]:[0;32mConexion realizada con exito
 [0;36m[2024-01-29 09:27:00.923958]:[0;32mUsuarios leidos con exito detail [[UserEntity(id='1706533819.4139545', nombre='STRING', cedula='pr', correo='string', tipoUsuario=0, token='eyJhbGciOiJIUzI1NiIsInR5cCI6IkpXVCJ9.eyJjbGF2ZSI6ImV5SmhiR2NpT2lKSVV6STFOaUlzSW5SNWNDSTZJa3BYVkNKOS5leUpqYkdGMlpTSTZJbXdpZlEubVNoYlcwSVQ5UXpRZnRWQ3VxbzZkV2FxSWszZHY0Wm1KX2FvSENGcmFoWSJ9.hy3PJQ4ZFO4maXysSzh4ktzeexKu0Qw8KWVo4XFw53A', status='desconectado', password='eyJhbGciOiJIUzI1NiIsInR5cCI6IkpXVCJ9.eyJjbGF2ZSI6ImwifQ.mShbW0IT9QzQftVCuqo6dWaqIk3dv4ZmJ_aoHCFrahY', urlImg='string')]]
 [0;36m[2024-01-29 09:27:00.924924]:[0;32mDesconexión exitosa de la base de datos
 [0;36m[2024-01-29 09:27:00.925950]:[0;33m pr
 [0;36m[2024-01-29 09:27:00.926692]:[0;33m eyJhbGciOiJIUzI1NiIsInR5cCI6IkpXVCJ9.eyJjbGF2ZSI6ImwifQ.mShbW0IT9QzQftVCuqo6dWaqIk3dv4ZmJ_aoHCFrahY
 [0;36m[2024-01-29 09:27:38.906020]:[0;32mConexion realizada con exito
 [0;36m[2024-01-29 09:27:38.908154]:[0;32mUsuarios leidos con exito detail [[UserEntity(id='1706533819.4139545', nombre='STRING', cedula='pr', correo='string', tipoUsuario=0, token='eyJhbGciOiJIUzI1NiIsInR5cCI6IkpXVCJ9.eyJjbGF2ZSI6ImV5SmhiR2NpT2lKSVV6STFOaUlzSW5SNWNDSTZJa3BYVkNKOS5leUpqYkdGMlpTSTZJbXdpZlEubVNoYlcwSVQ5UXpRZnRWQ3VxbzZkV2FxSWszZHY0Wm1KX2FvSENGcmFoWSJ9.hy3PJQ4ZFO4maXysSzh4ktzeexKu0Qw8KWVo4XFw53A', status='desconectado', password='eyJhbGciOiJIUzI1NiIsInR5cCI6IkpXVCJ9.eyJjbGF2ZSI6ImwifQ.mShbW0IT9QzQftVCuqo6dWaqIk3dv4ZmJ_aoHCFrahY', urlImg='string')]]
 [0;36m[2024-01-29 09:27:38.908489]:[0;32mDesconexión exitosa de la base de datos
 [0;36m[2024-01-29 09:27:38.908988]:[0;33m eyJhbGciOiJIUzI1NiIsInR5cCI6IkpXVCJ9.eyJjbGF2ZSI6InByIn0.9xbkZdFDAxTAA1NDFrkuuTkLBu_RznSFZPFy8j1Q4lc
 [0;36m[2024-01-29 09:27:38.909101]:[0;33m eyJhbGciOiJIUzI1NiIsInR5cCI6IkpXVCJ9.eyJjbGF2ZSI6ImwifQ.mShbW0IT9QzQftVCuqo6dWaqIk3dv4ZmJ_aoHCFrahY
 [0;36m[2024-01-29 09:29:51.491717]:[0;32mConexion realizada con exito
 [0;36m[2024-01-29 09:29:51.494597]:[0;32mUsuarios leidos con exito detail [[UserEntity(id='1706533819.4139545', nombre='STRING', cedula='pr', correo='string', tipoUsuario=0, token='eyJhbGciOiJIUzI1NiIsInR5cCI6IkpXVCJ9.eyJjbGF2ZSI6ImV5SmhiR2NpT2lKSVV6STFOaUlzSW5SNWNDSTZJa3BYVkNKOS5leUpqYkdGMlpTSTZJbXdpZlEubVNoYlcwSVQ5UXpRZnRWQ3VxbzZkV2FxSWszZHY0Wm1KX2FvSENGcmFoWSJ9.hy3PJQ4ZFO4maXysSzh4ktzeexKu0Qw8KWVo4XFw53A', status='desconectado', password='eyJhbGciOiJIUzI1NiIsInR5cCI6IkpXVCJ9.eyJjbGF2ZSI6ImwifQ.mShbW0IT9QzQftVCuqo6dWaqIk3dv4ZmJ_aoHCFrahY', urlImg='string')]]
 [0;36m[2024-01-29 09:29:51.494999]:[0;32mDesconexión exitosa de la base de datos
 [0;36m[2024-01-29 09:29:51.495954]:[0;33m eyJhbGciOiJIUzI1NiIsInR5cCI6IkpXVCJ9.eyJjbGF2ZSI6InByIn0.9xbkZdFDAxTAA1NDFrkuuTkLBu_RznSFZPFy8j1Q4lc
 [0;36m[2024-01-29 09:29:51.496167]:[0;33m eyJhbGciOiJIUzI1NiIsInR5cCI6IkpXVCJ9.eyJjbGF2ZSI6ImwifQ.mShbW0IT9QzQftVCuqo6dWaqIk3dv4ZmJ_aoHCFrahY
 [0;36m[2024-01-29 09:30:33.983188]:[0;32mConexion realizada con exito
 [0;36m[2024-01-29 09:30:33.986765]:[0;32mUsuarios leidos con exito detail [[UserEntity(id='1706533819.4139545', nombre='STRING', cedula='pr', correo='string', tipoUsuario=0, token='eyJhbGciOiJIUzI1NiIsInR5cCI6IkpXVCJ9.eyJjbGF2ZSI6ImV5SmhiR2NpT2lKSVV6STFOaUlzSW5SNWNDSTZJa3BYVkNKOS5leUpqYkdGMlpTSTZJbXdpZlEubVNoYlcwSVQ5UXpRZnRWQ3VxbzZkV2FxSWszZHY0Wm1KX2FvSENGcmFoWSJ9.hy3PJQ4ZFO4maXysSzh4ktzeexKu0Qw8KWVo4XFw53A', status='desconectado', password='eyJhbGciOiJIUzI1NiIsInR5cCI6IkpXVCJ9.eyJjbGF2ZSI6ImwifQ.mShbW0IT9QzQftVCuqo6dWaqIk3dv4ZmJ_aoHCFrahY', urlImg='string')]]
 [0;36m[2024-01-29 09:30:33.990641]:[0;32mDesconexión exitosa de la base de datos
 [0;36m[2024-01-29 09:30:33.991785]:[0;33m eyJhbGciOiJIUzI1NiIsInR5cCI6IkpXVCJ9.eyJjbGF2ZSI6InByIn0.9xbkZdFDAxTAA1NDFrkuuTkLBu_RznSFZPFy8j1Q4lc
 [0;36m[2024-01-29 09:30:33.992614]:[0;33m eyJhbGciOiJIUzI1NiIsInR5cCI6IkpXVCJ9.eyJjbGF2ZSI6ImwifQ.mShbW0IT9QzQftVCuqo6dWaqIk3dv4ZmJ_aoHCFrahY
 [0;36m[2024-01-29 09:31:42.571855]:[0;32mConexion realizada con exito
 [0;36m[2024-01-29 09:31:42.579365]:[0;32mUsuario registrado con exito detail [id=1706535102.5551467 nombre='AA' cedula='aa' correo='aa' tipoUsuario=0 token='eyJhbGciOiJIUzI1NiIsInR5cCI6IkpXVCJ9.eyJjbGF2ZSI6ImV5SmhiR2NpT2lKSVV6STFOaUlzSW5SNWNDSTZJa3BYVkNKOS5leUpqYkdGMlpTSTZJbUZoSW4wLng5Y0tjWUo4WndwZDNYcUxFOWRqQVZGNEliVmEzN2lYQ0t1d2JneEN5R3cifQ.3n9eyda0LxNkIEeidl9WEX_vEmoYCtCUYhBMpyrJdd0' status='aa' password='🖕🖕' urlImg='aa']
 [0;36m[2024-01-29 09:31:42.579759]:[0;32mDesconexión exitosa de la base de datos
 [0;36m[2024-01-29 09:32:03.637502]:[0;32mConexion realizada con exito
 [0;36m[2024-01-29 09:32:03.640359]:[0;32mUsuarios leidos con exito detail [[UserEntity(id='1706533819.4139545', nombre='STRING', cedula='pr', correo='string', tipoUsuario=0, token='eyJhbGciOiJIUzI1NiIsInR5cCI6IkpXVCJ9.eyJjbGF2ZSI6ImV5SmhiR2NpT2lKSVV6STFOaUlzSW5SNWNDSTZJa3BYVkNKOS5leUpqYkdGMlpTSTZJbXdpZlEubVNoYlcwSVQ5UXpRZnRWQ3VxbzZkV2FxSWszZHY0Wm1KX2FvSENGcmFoWSJ9.hy3PJQ4ZFO4maXysSzh4ktzeexKu0Qw8KWVo4XFw53A', status='desconectado', password='eyJhbGciOiJIUzI1NiIsInR5cCI6IkpXVCJ9.eyJjbGF2ZSI6ImwifQ.mShbW0IT9QzQftVCuqo6dWaqIk3dv4ZmJ_aoHCFrahY', urlImg='string')]]
 [0;36m[2024-01-29 09:32:03.642762]:[0;32mDesconexión exitosa de la base de datos
 [0;36m[2024-01-29 09:32:03.646686]:[0;33m eyJhbGciOiJIUzI1NiIsInR5cCI6IkpXVCJ9.eyJjbGF2ZSI6InByIn0.9xbkZdFDAxTAA1NDFrkuuTkLBu_RznSFZPFy8j1Q4lc
 [0;36m[2024-01-29 09:32:03.646813]:[0;33m eyJhbGciOiJIUzI1NiIsInR5cCI6IkpXVCJ9.eyJjbGF2ZSI6ImwifQ.mShbW0IT9QzQftVCuqo6dWaqIk3dv4ZmJ_aoHCFrahY
 [0;36m[2024-01-29 09:32:47.055647]:[0;32mConexion realizada con exito
 [0;36m[2024-01-29 09:32:47.058435]:[0;32mUsuarios leidos con exito detail [[UserEntity(id='1706533819.4139545', nombre='STRING', cedula='pr', correo='string', tipoUsuario=0, token='eyJhbGciOiJIUzI1NiIsInR5cCI6IkpXVCJ9.eyJjbGF2ZSI6ImV5SmhiR2NpT2lKSVV6STFOaUlzSW5SNWNDSTZJa3BYVkNKOS5leUpqYkdGMlpTSTZJbXdpZlEubVNoYlcwSVQ5UXpRZnRWQ3VxbzZkV2FxSWszZHY0Wm1KX2FvSENGcmFoWSJ9.hy3PJQ4ZFO4maXysSzh4ktzeexKu0Qw8KWVo4XFw53A', status='desconectado', password='eyJhbGciOiJIUzI1NiIsInR5cCI6IkpXVCJ9.eyJjbGF2ZSI6ImwifQ.mShbW0IT9QzQftVCuqo6dWaqIk3dv4ZmJ_aoHCFrahY', urlImg='string')]]
 [0;36m[2024-01-29 09:32:47.058801]:[0;32mDesconexión exitosa de la base de datos
 [0;36m[2024-01-29 09:32:47.059326]:[0;33m eyJhbGciOiJIUzI1NiIsInR5cCI6IkpXVCJ9.eyJjbGF2ZSI6ImFhIn0.x9cKcYJ8Zwpd3XqLE9djAVF4IbVa37iXCKuwbgxCyGw
 [0;36m[2024-01-29 09:32:47.059446]:[0;33m eyJhbGciOiJIUzI1NiIsInR5cCI6IkpXVCJ9.eyJjbGF2ZSI6ImwifQ.mShbW0IT9QzQftVCuqo6dWaqIk3dv4ZmJ_aoHCFrahY
 [0;36m[2024-01-29 09:33:10.246043]:[0;32mConexion realizada con exito
 [0;36m[2024-01-29 09:33:10.248288]:[0;32mUsuarios leidos con exito detail [[UserEntity(id='1706535102.5551467', nombre='AA', cedula='aa', correo='aa', tipoUsuario=0, token='eyJhbGciOiJIUzI1NiIsInR5cCI6IkpXVCJ9.eyJjbGF2ZSI6ImV5SmhiR2NpT2lKSVV6STFOaUlzSW5SNWNDSTZJa3BYVkNKOS5leUpqYkdGMlpTSTZJbUZoSW4wLng5Y0tjWUo4WndwZDNYcUxFOWRqQVZGNEliVmEzN2lYQ0t1d2JneEN5R3cifQ.3n9eyda0LxNkIEeidl9WEX_vEmoYCtCUYhBMpyrJdd0', status='desconectado', password='eyJhbGciOiJIUzI1NiIsInR5cCI6IkpXVCJ9.eyJjbGF2ZSI6ImFhIn0.x9cKcYJ8Zwpd3XqLE9djAVF4IbVa37iXCKuwbgxCyGw', urlImg='aa')]]
 [0;36m[2024-01-29 09:33:10.248642]:[0;32mDesconexión exitosa de la base de datos
 [0;36m[2024-01-29 09:33:10.249229]:[0;33m eyJhbGciOiJIUzI1NiIsInR5cCI6IkpXVCJ9.eyJjbGF2ZSI6ImFhIn0.x9cKcYJ8Zwpd3XqLE9djAVF4IbVa37iXCKuwbgxCyGw
 [0;36m[2024-01-29 09:33:10.250130]:[0;33m eyJhbGciOiJIUzI1NiIsInR5cCI6IkpXVCJ9.eyJjbGF2ZSI6ImFhIn0.x9cKcYJ8Zwpd3XqLE9djAVF4IbVa37iXCKuwbgxCyGw
 [0;36m[2024-01-29 10:13:46.835194]:[0;32mConexion realizada con exito
 [0;36m[2024-01-29 10:13:46.846490]:[0;32mUsuarios leidos con exito detail [[UserEntity(id='1706535102.5551467', nombre='AA', cedula='aa', correo='aa', tipoUsuario=0, token='eyJhbGciOiJIUzI1NiIsInR5cCI6IkpXVCJ9.eyJjbGF2ZSI6ImV5SmhiR2NpT2lKSVV6STFOaUlzSW5SNWNDSTZJa3BYVkNKOS5leUpqYkdGMlpTSTZJbUZoSW4wLng5Y0tjWUo4WndwZDNYcUxFOWRqQVZGNEliVmEzN2lYQ0t1d2JneEN5R3cifQ.3n9eyda0LxNkIEeidl9WEX_vEmoYCtCUYhBMpyrJdd0', status='desconectado', password='eyJhbGciOiJIUzI1NiIsInR5cCI6IkpXVCJ9.eyJjbGF2ZSI6ImFhIn0.x9cKcYJ8Zwpd3XqLE9djAVF4IbVa37iXCKuwbgxCyGw', urlImg='aa')]]
 [0;36m[2024-01-29 10:13:46.847135]:[0;32mDesconexión exitosa de la base de datos
 [0;36m[2024-01-29 10:13:46.848166]:[0;33m eyJhbGciOiJIUzI1NiIsInR5cCI6IkpXVCJ9.eyJjbGF2ZSI6ImFhIn0.x9cKcYJ8Zwpd3XqLE9djAVF4IbVa37iXCKuwbgxCyGw
 [0;36m[2024-01-29 10:13:46.849278]:[0;33m eyJhbGciOiJIUzI1NiIsInR5cCI6IkpXVCJ9.eyJjbGF2ZSI6ImFhIn0.x9cKcYJ8Zwpd3XqLE9djAVF4IbVa37iXCKuwbgxCyGw
 [0;36m[2024-01-29 10:14:08.482023]:[0;32mConexion realizada con exito
 [0;36m[2024-01-29 10:14:08.484306]:[0;32mUsuarios leidos con exito detail [[UserEntity(id='1706535102.5551467', nombre='AA', cedula='aa', correo='aa', tipoUsuario=0, token='eyJhbGciOiJIUzI1NiIsInR5cCI6IkpXVCJ9.eyJjbGF2ZSI6ImV5SmhiR2NpT2lKSVV6STFOaUlzSW5SNWNDSTZJa3BYVkNKOS5leUpqYkdGMlpTSTZJbUZoSW4wLng5Y0tjWUo4WndwZDNYcUxFOWRqQVZGNEliVmEzN2lYQ0t1d2JneEN5R3cifQ.3n9eyda0LxNkIEeidl9WEX_vEmoYCtCUYhBMpyrJdd0', status='desconectado', password='eyJhbGciOiJIUzI1NiIsInR5cCI6IkpXVCJ9.eyJjbGF2ZSI6ImFhIn0.x9cKcYJ8Zwpd3XqLE9djAVF4IbVa37iXCKuwbgxCyGw', urlImg='aa')]]
 [0;36m[2024-01-29 10:14:08.484602]:[0;32mDesconexión exitosa de la base de datos
 [0;36m[2024-01-29 10:14:08.485167]:[0;33m eyJhbGciOiJIUzI1NiIsInR5cCI6IkpXVCJ9.eyJjbGF2ZSI6ImFhIn0.x9cKcYJ8Zwpd3XqLE9djAVF4IbVa37iXCKuwbgxCyGw
 [0;36m[2024-01-29 10:14:08.485269]:[0;33m eyJhbGciOiJIUzI1NiIsInR5cCI6IkpXVCJ9.eyJjbGF2ZSI6ImFhIn0.x9cKcYJ8Zwpd3XqLE9djAVF4IbVa37iXCKuwbgxCyGw
 [0;36m[2024-01-29 10:14:08.498349]:[0;32mConexion realizada con exito
 [0;36m[2024-01-29 10:14:08.509796]:[0;31m Error de base de datos  detail[no existe la columna «tipo_usurio» en la relación «usuarios»
LINE 1: ...suarios SET nombre='AA',cedula ='aa',correo= 'aa',tipo_usuri...
                                                             ^
]
 [0;36m[2024-01-29 10:14:08.509991]:[0;32merror de base de datos
 [0;36m[2024-01-29 10:14:08.510430]:[0;32mDesconexión exitosa de la base de datos
 [0;36m[2024-01-29 10:14:08.510574]:[0;33m el usuario 1706537648.4857366 ha iniciado seccion correctamente con el token eyJhbGciOiJIUzI1NiIsInR5cCI6IkpXVCJ9.eyJjbGF2ZSI6ImV5SmhiR2NpT2lKSVV6STFOaUlzSW5SNWNDSTZJa3BYVkNKOS5leUpqYkdGMlpTSTZJbVY1U21oaVIyTnBUMmxLU1ZWNlNURk9hVWx6U1c1U05XTkRTVFpKYTNCWVZrTktPUzVsZVVwcVlrZEdNbHBUU1RaSmJVWm9TVzR3TG5nNVkwdGpXVW80V25kd1pETlljVXhGT1dScVFWWkdORWxpVm1Fek4ybFlRMHQxZDJKbmVFTjVSM2NpZlEuM245ZXlkYTBMeE5rSUVlaWRsOVdFWF92RW1vWUN0Q1VZaEJNcHlySmRkMCJ9.j5YS6BUcm7mWGY2giXmmuORgGeyrYskODIc-KZ7C0Rg
 [0;36m[2024-01-29 10:18:01.042772]:[0;32mConexion realizada con exito
 [0;36m[2024-01-29 10:18:01.045439]:[0;32mUsuarios leidos con exito detail [[UserEntity(id='1706535102.5551467', nombre='AA', cedula='aa', correo='aa', tipoUsuario=0, token='eyJhbGciOiJIUzI1NiIsInR5cCI6IkpXVCJ9.eyJjbGF2ZSI6ImV5SmhiR2NpT2lKSVV6STFOaUlzSW5SNWNDSTZJa3BYVkNKOS5leUpqYkdGMlpTSTZJbUZoSW4wLng5Y0tjWUo4WndwZDNYcUxFOWRqQVZGNEliVmEzN2lYQ0t1d2JneEN5R3cifQ.3n9eyda0LxNkIEeidl9WEX_vEmoYCtCUYhBMpyrJdd0', status='desconectado', password='eyJhbGciOiJIUzI1NiIsInR5cCI6IkpXVCJ9.eyJjbGF2ZSI6ImFhIn0.x9cKcYJ8Zwpd3XqLE9djAVF4IbVa37iXCKuwbgxCyGw', urlImg='aa')]]
 [0;36m[2024-01-29 10:18:01.045786]:[0;32mDesconexión exitosa de la base de datos
 [0;36m[2024-01-29 10:18:01.046238]:[0;33m eyJhbGciOiJIUzI1NiIsInR5cCI6IkpXVCJ9.eyJjbGF2ZSI6ImFhIn0.x9cKcYJ8Zwpd3XqLE9djAVF4IbVa37iXCKuwbgxCyGw
 [0;36m[2024-01-29 10:18:01.046351]:[0;33m eyJhbGciOiJIUzI1NiIsInR5cCI6IkpXVCJ9.eyJjbGF2ZSI6ImFhIn0.x9cKcYJ8Zwpd3XqLE9djAVF4IbVa37iXCKuwbgxCyGw
 [0;36m[2024-01-29 10:18:01.058579]:[0;32mConexion realizada con exito
 [0;36m[2024-01-29 10:18:01.067366]:[0;32mUsuario registrado con exito detail [id=1706537881.0467334 nombre='AA' cedula='aa' correo='aa' tipoUsuario=0 token='eyJhbGciOiJIUzI1NiIsInR5cCI6IkpXVCJ9.eyJjbGF2ZSI6ImV5SmhiR2NpT2lKSVV6STFOaUlzSW5SNWNDSTZJa3BYVkNKOS5leUpqYkdGMlpTSTZJbVY1U21oaVIyTnBUMmxLU1ZWNlNURk9hVWx6U1c1U05XTkRTVFpKYTNCWVZrTktPUzVsZVVwcVlrZEdNbHBUU1RaSmJVWm9TVzR3TG5nNVkwdGpXVW80V25kd1pETlljVXhGT1dScVFWWkdORWxpVm1Fek4ybFlRMHQxZDJKbmVFTjVSM2NpZlEuM245ZXlkYTBMeE5rSUVlaWRsOVdFWF92RW1vWUN0Q1VZaEJNcHlySmRkMCJ9.j5YS6BUcm7mWGY2giXmmuORgGeyrYskODIc-KZ7C0Rg' status='CONECTADO' password='🖕🖕' urlImg='aa']
 [0;36m[2024-01-29 10:18:01.067688]:[0;32mDesconexión exitosa de la base de datos
 [0;36m[2024-01-29 10:18:14.102814]:[0;32mConexion realizada con exito
 [0;36m[2024-01-29 10:18:14.104910]:[0;32mUsuarios leidos con exito detail [[UserEntity(id='1706535102.5551467', nombre='AA', cedula='aa', correo='aa', tipoUsuario=0, token='eyJhbGciOiJIUzI1NiIsInR5cCI6IkpXVCJ9.eyJjbGF2ZSI6ImV5SmhiR2NpT2lKSVV6STFOaUlzSW5SNWNDSTZJa3BYVkNKOS5leUpqYkdGMlpTSTZJbUZoSW4wLng5Y0tjWUo4WndwZDNYcUxFOWRqQVZGNEliVmEzN2lYQ0t1d2JneEN5R3cifQ.3n9eyda0LxNkIEeidl9WEX_vEmoYCtCUYhBMpyrJdd0', status='desconectado', password='eyJhbGciOiJIUzI1NiIsInR5cCI6IkpXVCJ9.eyJjbGF2ZSI6ImFhIn0.x9cKcYJ8Zwpd3XqLE9djAVF4IbVa37iXCKuwbgxCyGw', urlImg='aa')]]
 [0;36m[2024-01-29 10:18:14.105664]:[0;32mDesconexión exitosa de la base de datos
 [0;36m[2024-01-29 10:18:14.106659]:[0;33m eyJhbGciOiJIUzI1NiIsInR5cCI6IkpXVCJ9.eyJjbGF2ZSI6ImFhIn0.x9cKcYJ8Zwpd3XqLE9djAVF4IbVa37iXCKuwbgxCyGw
 [0;36m[2024-01-29 10:18:14.106786]:[0;33m eyJhbGciOiJIUzI1NiIsInR5cCI6IkpXVCJ9.eyJjbGF2ZSI6ImFhIn0.x9cKcYJ8Zwpd3XqLE9djAVF4IbVa37iXCKuwbgxCyGw
 [0;36m[2024-01-29 10:18:14.126303]:[0;32mConexion realizada con exito
 [0;36m[2024-01-29 10:18:14.133986]:[0;32mUsuario registrado con exito detail [id=1706537894.1071787 nombre='AA' cedula='aa' correo='aa' tipoUsuario=0 token='eyJhbGciOiJIUzI1NiIsInR5cCI6IkpXVCJ9.eyJjbGF2ZSI6ImV5SmhiR2NpT2lKSVV6STFOaUlzSW5SNWNDSTZJa3BYVkNKOS5leUpqYkdGMlpTSTZJbVY1U21oaVIyTnBUMmxLU1ZWNlNURk9hVWx6U1c1U05XTkRTVFpKYTNCWVZrTktPUzVsZVVwcVlrZEdNbHBUU1RaSmJVWm9TVzR3TG5nNVkwdGpXVW80V25kd1pETlljVXhGT1dScVFWWkdORWxpVm1Fek4ybFlRMHQxZDJKbmVFTjVSM2NpZlEuM245ZXlkYTBMeE5rSUVlaWRsOVdFWF92RW1vWUN0Q1VZaEJNcHlySmRkMCJ9.j5YS6BUcm7mWGY2giXmmuORgGeyrYskODIc-KZ7C0Rg' status='CONECTADO' password='🖕🖕' urlImg='aa']
 [0;36m[2024-01-29 10:18:14.135442]:[0;32mDesconexión exitosa de la base de datos
 [0;36m[2024-01-29 10:30:50.235699]:[0;32mConexion realizada con exito
 [0;36m[2024-01-29 10:30:50.239395]:[0;32mUsuarios leidos con exito detail [[UserEntity(id='1706535102.5551467', nombre='AA', cedula='aa', correo='aa', tipoUsuario=0, token='eyJhbGciOiJIUzI1NiIsInR5cCI6IkpXVCJ9.eyJjbGF2ZSI6ImV5SmhiR2NpT2lKSVV6STFOaUlzSW5SNWNDSTZJa3BYVkNKOS5leUpqYkdGMlpTSTZJbUZoSW4wLng5Y0tjWUo4WndwZDNYcUxFOWRqQVZGNEliVmEzN2lYQ0t1d2JneEN5R3cifQ.3n9eyda0LxNkIEeidl9WEX_vEmoYCtCUYhBMpyrJdd0', status='desconectado', password='eyJhbGciOiJIUzI1NiIsInR5cCI6IkpXVCJ9.eyJjbGF2ZSI6ImFhIn0.x9cKcYJ8Zwpd3XqLE9djAVF4IbVa37iXCKuwbgxCyGw', urlImg='aa')]]
 [0;36m[2024-01-29 10:30:50.239857]:[0;32mDesconexión exitosa de la base de datos
 [0;36m[2024-01-29 10:30:50.240304]:[0;33m eyJhbGciOiJIUzI1NiIsInR5cCI6IkpXVCJ9.eyJjbGF2ZSI6ImFhIn0.x9cKcYJ8Zwpd3XqLE9djAVF4IbVa37iXCKuwbgxCyGw
 [0;36m[2024-01-29 10:30:50.241169]:[0;33m eyJhbGciOiJIUzI1NiIsInR5cCI6IkpXVCJ9.eyJjbGF2ZSI6ImFhIn0.x9cKcYJ8Zwpd3XqLE9djAVF4IbVa37iXCKuwbgxCyGw
 [0;36m[2024-01-29 10:30:50.252394]:[0;32mConexion realizada con exito
 [0;36m[2024-01-29 10:30:50.255858]:[0;32mUsuario registrado con exito detail [id=1706538650.2415633 nombre='AA' cedula='aa' correo='aa' tipoUsuario=0 token='eyJhbGciOiJIUzI1NiIsInR5cCI6IkpXVCJ9.eyJjbGF2ZSI6ImV5SmhiR2NpT2lKSVV6STFOaUlzSW5SNWNDSTZJa3BYVkNKOS5leUpqYkdGMlpTSTZJbVY1U21oaVIyTnBUMmxLU1ZWNlNURk9hVWx6U1c1U05XTkRTVFpKYTNCWVZrTktPUzVsZVVwcVlrZEdNbHBUU1RaSmJVWm9TVzR3TG5nNVkwdGpXVW80V25kd1pETlljVXhGT1dScVFWWkdORWxpVm1Fek4ybFlRMHQxZDJKbmVFTjVSM2NpZlEuM245ZXlkYTBMeE5rSUVlaWRsOVdFWF92RW1vWUN0Q1VZaEJNcHlySmRkMCJ9.j5YS6BUcm7mWGY2giXmmuORgGeyrYskODIc-KZ7C0Rg' status='CONECTADO' password='🖕🖕' urlImg='aa']
 [0;36m[2024-01-29 10:30:50.261894]:[0;32mDesconexión exitosa de la base de datos
 [0;36m[2024-01-29 10:31:11.611401]:[0;32mConexion realizada con exito
 [0;36m[2024-01-29 10:31:11.614011]:[0;32mUsuarios leidos con exito detail [[UserEntity(id='1706292756.6803381', nombre='JARVIS', cedula='22', correo='dd', tipoUsuario=0, token='$argon2id$v=19$m=65536,t=3,p=4$WDV6zDl9KD8TkzmAbkKJhw$ZrWdv4VeA5VOfc+biWgoI8ha4TDocUVPj7eAJxQNbiI', status='desconectado', password='🖕🖕', urlImg='http:www'), UserEntity(id='1706308755.4892793', nombre='JARVIS HUICE', cedula='27475074', correo='string', tipoUsuario=0, token='$argon2id$v=19$m=65536,t=3,p=4$RfHDIHzlGJf/W2czqrXTcw$9TtcpaabQStF7hiPamgrSp99dcVip7ijWG4HxDH4ab0', status='desconectado', password='🖕🖕', urlImg='string'), UserEntity(id='1706310214.4919596', nombre='JARVIS HUICE1', cedula='27475075', correo='string', tipoUsuario=0, token='$argon2id$v=19$m=65536,t=3,p=4$fGNflqa02qoKmjBLJKZZlg$3mr6zqUmpnB/6RJiRazwfquQwyiHXb1Kbc7SOL8VGyQ', status='desconectado', password='🖕🖕', urlImg='string'), UserEntity(id='1706533819.4139545', nombre='STRING', cedula='pr', correo='string', tipoUsuario=0, token='eyJhbGciOiJIUzI1NiIsInR5cCI6IkpXVCJ9.eyJjbGF2ZSI6ImV5SmhiR2NpT2lKSVV6STFOaUlzSW5SNWNDSTZJa3BYVkNKOS5leUpqYkdGMlpTSTZJbXdpZlEubVNoYlcwSVQ5UXpRZnRWQ3VxbzZkV2FxSWszZHY0Wm1KX2FvSENGcmFoWSJ9.hy3PJQ4ZFO4maXysSzh4ktzeexKu0Qw8KWVo4XFw53A', status='desconectado', password='🖕🖕', urlImg='string'), UserEntity(id='1706535102.5551467', nombre='AA', cedula='aa', correo='aa', tipoUsuario=0, token='eyJhbGciOiJIUzI1NiIsInR5cCI6IkpXVCJ9.eyJjbGF2ZSI6ImV5SmhiR2NpT2lKSVV6STFOaUlzSW5SNWNDSTZJa3BYVkNKOS5leUpqYkdGMlpTSTZJbUZoSW4wLng5Y0tjWUo4WndwZDNYcUxFOWRqQVZGNEliVmEzN2lYQ0t1d2JneEN5R3cifQ.3n9eyda0LxNkIEeidl9WEX_vEmoYCtCUYhBMpyrJdd0', status='desconectado', password='🖕🖕', urlImg='aa')]]
 [0;36m[2024-01-29 10:31:11.615811]:[0;32mDesconexión exitosa de la base de datos
 [0;36m[2024-01-29 10:50:14.787489]:[0;32mConexion realizada con exito
 [0;36m[2024-01-29 10:50:14.826392]:[0;31m Error de integridad en la base de datos  as [llave duplicada viola restricción de unicidad «usuarios_un»
DETAIL:  Ya existe la llave (cedula)=(aa).
]
 [0;36m[2024-01-29 10:50:14.826522]:[0;32mPuedes que estes registrando un usuario cuyos datos ya existen en nuestra base de datos verifica y si el problema persite comuniquese con el equipo de soporte
 [0;36m[2024-01-29 10:50:14.826752]:[0;32mDesconexión exitosa de la base de datos
 [0;36m[2024-01-29 10:50:25.547122]:[0;32mConexion realizada con exito
 [0;36m[2024-01-29 10:50:25.554088]:[0;32mUsuarios leidos con exito detail [[UserEntity(id='1706535102.5551467', nombre='AA', cedula='aa', correo='aa', tipoUsuario=0, token='eyJhbGciOiJIUzI1NiIsInR5cCI6IkpXVCJ9.eyJjbGF2ZSI6ImV5SmhiR2NpT2lKSVV6STFOaUlzSW5SNWNDSTZJa3BYVkNKOS5leUpqYkdGMlpTSTZJbUZoSW4wLng5Y0tjWUo4WndwZDNYcUxFOWRqQVZGNEliVmEzN2lYQ0t1d2JneEN5R3cifQ.3n9eyda0LxNkIEeidl9WEX_vEmoYCtCUYhBMpyrJdd0', status='desconectado', password='eyJhbGciOiJIUzI1NiIsInR5cCI6IkpXVCJ9.eyJjbGF2ZSI6ImFhIn0.x9cKcYJ8Zwpd3XqLE9djAVF4IbVa37iXCKuwbgxCyGw', urlImg='aa')]]
 [0;36m[2024-01-29 10:50:25.555929]:[0;32mDesconexión exitosa de la base de datos
 [0;36m[2024-01-29 10:50:25.580979]:[0;32mConexion realizada con exito
 [0;36m[2024-01-29 10:50:25.589246]:[0;32mUsuario registrado con exito detail [id=1706539825.5649784 nombre='AA' cedula='aa' correo='aa' tipoUsuario=0 token='eyJhbGciOiJIUzI1NiIsInR5cCI6IkpXVCJ9.eyJjbGF2ZSI6ImV5SmhiR2NpT2lKSVV6STFOaUlzSW5SNWNDSTZJa3BYVkNKOS5leUpqYkdGMlpTSTZJbVY1U21oaVIyTnBUMmxLU1ZWNlNURk9hVWx6U1c1U05XTkRTVFpKYTNCWVZrTktPUzVsZVVwcVlrZEdNbHBUU1RaSmJVWm9TVzR3TG5nNVkwdGpXVW80V25kd1pETlljVXhGT1dScVFWWkdORWxpVm1Fek4ybFlRMHQxZDJKbmVFTjVSM2NpZlEuM245ZXlkYTBMeE5rSUVlaWRsOVdFWF92RW1vWUN0Q1VZaEJNcHlySmRkMCJ9.j5YS6BUcm7mWGY2giXmmuORgGeyrYskODIc-KZ7C0Rg' status='CONECTADO' password='🖕🖕' urlImg='aa']
 [0;36m[2024-01-29 10:50:25.593310]:[0;32mDesconexión exitosa de la base de datos
 [0;36m[2024-01-29 10:50:25.594045]:[0;33m el usuario 1706539825.5649784 ha iniciado seccion correctamente con el token eyJhbGciOiJIUzI1NiIsInR5cCI6IkpXVCJ9.eyJjbGF2ZSI6ImV5SmhiR2NpT2lKSVV6STFOaUlzSW5SNWNDSTZJa3BYVkNKOS5leUpqYkdGMlpTSTZJbVY1U21oaVIyTnBUMmxLU1ZWNlNURk9hVWx6U1c1U05XTkRTVFpKYTNCWVZrTktPUzVsZVVwcVlrZEdNbHBUU1RaSmJVWm9TVzR3TG5nNVkwdGpXVW80V25kd1pETlljVXhGT1dScVFWWkdORWxpVm1Fek4ybFlRMHQxZDJKbmVFTjVSM2NpZlEuM245ZXlkYTBMeE5rSUVlaWRsOVdFWF92RW1vWUN0Q1VZaEJNcHlySmRkMCJ9.j5YS6BUcm7mWGY2giXmmuORgGeyrYskODIc-KZ7C0Rg
 [0;36m[2024-01-29 10:51:39.133021]:[0;32mConexion realizada con exito
 [0;36m[2024-01-29 10:51:39.162967]:[0;32mUsuarios leidos con exito detail [[UserEntity(id='1706535102.5551467', nombre='AA', cedula='aa', correo='aa', tipoUsuario=0, token='eyJhbGciOiJIUzI1NiIsInR5cCI6IkpXVCJ9.eyJjbGF2ZSI6ImV5SmhiR2NpT2lKSVV6STFOaUlzSW5SNWNDSTZJa3BYVkNKOS5leUpqYkdGMlpTSTZJbUZoSW4wLng5Y0tjWUo4WndwZDNYcUxFOWRqQVZGNEliVmEzN2lYQ0t1d2JneEN5R3cifQ.3n9eyda0LxNkIEeidl9WEX_vEmoYCtCUYhBMpyrJdd0', status='desconectado', password='eyJhbGciOiJIUzI1NiIsInR5cCI6IkpXVCJ9.eyJjbGF2ZSI6ImFhIn0.x9cKcYJ8Zwpd3XqLE9djAVF4IbVa37iXCKuwbgxCyGw', urlImg='aa')]]
 [0;36m[2024-01-29 10:51:39.163564]:[0;32mDesconexión exitosa de la base de datos
 [0;36m[2024-01-29 10:51:39.190796]:[0;32mConexion realizada con exito
 [0;36m[2024-01-29 10:51:39.195343]:[0;32mUsuario registrado con exito detail [id=1706539899.1652935 nombre='AA' cedula='aa' correo='aa' tipoUsuario=0 token='eyJhbGciOiJIUzI1NiIsInR5cCI6IkpXVCJ9.eyJ1c2VyIjoiMTcwNjUzNTEwMi41NTUxNDY3IiwiZGF0ZSI6IjE3MDY1Mzk4OTkuMTY0MjQ0MiIsImV4cCI6MTcwNjYxMTg5OX0.wo5_mX-V9--JqMLj-6P1v5ZSy2rlLi8GXrU36SaNWIY' status='CONECTADO' password='🖕🖕' urlImg='aa']
 [0;36m[2024-01-29 10:51:39.196272]:[0;32mDesconexión exitosa de la base de datos
 [0;36m[2024-01-29 10:51:39.196561]:[0;33m el usuario 1706539899.1652935 ha iniciado seccion correctamente con el token eyJhbGciOiJIUzI1NiIsInR5cCI6IkpXVCJ9.eyJ1c2VyIjoiMTcwNjUzNTEwMi41NTUxNDY3IiwiZGF0ZSI6IjE3MDY1Mzk4OTkuMTY0MjQ0MiIsImV4cCI6MTcwNjYxMTg5OX0.wo5_mX-V9--JqMLj-6P1v5ZSy2rlLi8GXrU36SaNWIY
 [0;36m[2024-01-29 11:16:07.593902]:[0;32mConexion realizada con exito
 [0;36m[2024-01-29 11:16:07.600342]:[0;32mUsuarios leidos con exito detail [[UserEntity(id='1706535102.5551467', nombre='AA', cedula='aa', correo='aa', tipoUsuario=0, token='eyJhbGciOiJIUzI1NiIsInR5cCI6IkpXVCJ9.eyJjbGF2ZSI6ImV5SmhiR2NpT2lKSVV6STFOaUlzSW5SNWNDSTZJa3BYVkNKOS5leUpqYkdGMlpTSTZJbUZoSW4wLng5Y0tjWUo4WndwZDNYcUxFOWRqQVZGNEliVmEzN2lYQ0t1d2JneEN5R3cifQ.3n9eyda0LxNkIEeidl9WEX_vEmoYCtCUYhBMpyrJdd0', status='desconectado', password='eyJhbGciOiJIUzI1NiIsInR5cCI6IkpXVCJ9.eyJjbGF2ZSI6ImFhIn0.x9cKcYJ8Zwpd3XqLE9djAVF4IbVa37iXCKuwbgxCyGw', urlImg='aa')]]
 [0;36m[2024-01-29 11:16:07.602154]:[0;32mDesconexión exitosa de la base de datos
 [0;36m[2024-01-29 11:16:07.629534]:[0;32mConexion realizada con exito
 [0;36m[2024-01-29 11:16:07.637354]:[0;32mUsuario registrado con exito detail [id=1706541367.6098106 nombre='AA' cedula='aa' correo='aa' tipoUsuario=0 token='eyJhbGciOiJIUzI1NiIsInR5cCI6IkpXVCJ9.eyJ1c2VyIjoiMTcwNjUzNTEwMi41NTUxNDY3IiwiZGF0ZSI6IjE3MDY1NDEzNjcuNjA3NTU1NiIsImV4cCI6MTcwNjYxMzM2N30.vvN-WrqjJ0XeErgUtH2KIeWcLA89WiHGLXiVs9DLPoM' status='CONECTADO' password='🖕🖕' urlImg='aa']
 [0;36m[2024-01-29 11:16:07.643552]:[0;32mDesconexión exitosa de la base de datos
 [0;36m[2024-01-29 11:16:07.643818]:[0;33m el usuario 1706541367.6098106 ha iniciado seccion correctamente con el token eyJhbGciOiJIUzI1NiIsInR5cCI6IkpXVCJ9.eyJ1c2VyIjoiMTcwNjUzNTEwMi41NTUxNDY3IiwiZGF0ZSI6IjE3MDY1NDEzNjcuNjA3NTU1NiIsImV4cCI6MTcwNjYxMzM2N30.vvN-WrqjJ0XeErgUtH2KIeWcLA89WiHGLXiVs9DLPoM
 [0;36m[2024-01-29 11:16:25.282329]:[0;32mConexion realizada con exito
 [0;36m[2024-01-29 11:16:25.311088]:[0;33m no se encontraron Usuarios
 [0;36m[2024-01-29 11:16:25.311504]:[0;32mUsuarios leidos con exito detail [[]]
 [0;36m[2024-01-29 11:16:25.312328]:[0;32mDesconexión exitosa de la base de datos
