 [0;36m[2024-01-25 10:39:16.936571]:[0;32mConexion realizada con exito
<<<<<<< HEAD
 [0;36m[2024-01-25 12:36:05.564816]:[0;32mConexion realizada con exito
 [0;36m[2024-01-25 12:36:05.586855]:[0;32mcliente regitrado con exito 
 [0;36m[2024-01-25 12:36:05.587122]:[0;32mDesconexión exitosa de la base de datos
 [0;36m[2024-01-25 12:36:52.018524]:[0;32mConexion realizada con exito
 [0;36m[2024-01-25 12:36:52.022137]:[0;31m Error de integridad en la base de datos  as [llave duplicada viola restricción de unicidad «clientes_un»
DETAIL:  Ya existe la llave (nombre)=(jarvis).
]
 [0;36m[2024-01-25 12:36:52.022265]:[0;32mPuedes que estes regiuitrando un cliente cuyos datos ya existen en nuestra base de datos verifica y si el problema persite comuniquese con el equipo de soporte
 [0;36m[2024-01-25 12:36:52.022543]:[0;32mDesconexión exitosa de la base de datos
 [0;36m[2024-01-25 12:38:51.354502]:[0;32mConexion realizada con exito
 [0;36m[2024-01-25 12:38:51.415516]:[0;32mcliente regitrado con exito 
 [0;36m[2024-01-25 12:38:51.415781]:[0;32mDesconexión exitosa de la base de datos
 [0;36m[2024-01-25 12:40:10.757536]:[0;32mConexion realizada con exito
 [0;36m[2024-01-25 12:40:10.760604]:[0;31m Error de integridad en la base de datos  as [llave duplicada viola restricción de unicidad «clientes_un»
DETAIL:  Ya existe la llave (nombre)=(Marglen).
]
 [0;36m[2024-01-25 12:40:10.760944]:[0;32mPuedes que estes regiuitrando un cliente cuyos datos ya existen en nuestra base de datos verifica y si el problema persite comuniquese con el equipo de soporte
 [0;36m[2024-01-25 12:40:10.762219]:[0;32mDesconexión exitosa de la base de datos
 [0;36m[2024-01-25 12:40:48.038330]:[0;32mConexion realizada con exito
 [0;36m[2024-01-25 12:40:48.039809]:[0;31m Error de integridad en la base de datos  as [llave duplicada viola restricción de unicidad «clientes_un»
DETAIL:  Ya existe la llave (nombre)=(Marglen).
]
 [0;36m[2024-01-25 12:40:48.039905]:[0;32mPuedes que estes regiuitrando un cliente cuyos datos ya existen en nuestra base de datos verifica y si el problema persite comuniquese con el equipo de soporte
 [0;36m[2024-01-25 12:40:48.040143]:[0;32mDesconexión exitosa de la base de datos
 [0;36m[2024-01-25 13:37:30.430816]:[0;32mConexion realizada con exito
 [0;36m[2024-01-25 13:37:30.435629]:[0;32mDesconexión exitosa de la base de datos
 [0;36m[2024-01-25 13:38:04.305293]:[0;32mConexion realizada con exito
 [0;36m[2024-01-25 13:38:04.306766]:[0;32mcliente regitrado con exito 
 [0;36m[2024-01-25 13:38:04.307041]:[0;32mDesconexión exitosa de la base de datos
 [0;36m[2024-01-25 13:38:36.230917]:[0;32mConexion realizada con exito
 [0;36m[2024-01-25 13:38:36.232215]:[0;32mcliente regitrado con exito 
 [0;36m[2024-01-25 13:38:36.232490]:[0;32mDesconexión exitosa de la base de datos
=======
>>>>>>> origin/master
 [0;36m[2024-01-25 14:01:03.506529]:[0;32mConexion realizada con exito
 [0;36m[2024-01-25 14:01:03.524759]:[0;32mcliente regitrado con exito 
 [0;36m[2024-01-25 14:01:03.525094]:[0;32mDesconexión exitosa de la base de datos
